[2025-11-06 12:08:09] [INFO] Page d'accueil demandée.
[2025-11-06 12:08:25] [INFO] Page d'accueil demandée.
[2025-11-06 13:06:42] [INFO] Page d'accueil demandée.
[2025-11-06 13:06:57] [INFO] Page d'accueil demandée.
[2025-11-06 13:07:42] [INFO] Page d'accueil demandée.
[2025-11-06 13:08:09] [INFO] Page d'accueil demandée.
[2025-11-06 13:08:20] [INFO] Page d'accueil demandée.
[2025-11-06 13:09:18] [INFO] Page d'accueil demandée.
[2025-11-06 13:11:02] [INFO] Page d'accueil demandée.
[2025-11-06 13:11:04] [INFO] Page d'accueil demandée.
[2025-11-06 13:11:06] [INFO] Page d'accueil demandée.
[2025-11-06 13:13:20] [INFO] Page d'accueil demandée.
[2025-11-06 13:13:28] [INFO] Page d'accueil demandée.
[2025-11-06 13:19:18] [INFO] Page d'accueil demandée.
[2025-11-06 13:19:25] [INFO] Page d'accueil demandée.
[2025-11-06 13:21:27] [WARNING] Page 404 : jk
[2025-11-06 13:21:35] [INFO] Page d'accueil demandée.
[2025-11-06 13:52:15] [INFO] Page d'accueil demandée.
[2025-11-06 13:53:16] [WARNING] Erreur de validation du formulaire de contact.
[2025-11-06 13:53:45] [WARNING] Erreur de validation du formulaire de contact.
[2025-11-06 13:54:21] [WARNING] Erreur de validation du formulaire de contact.
[2025-11-06 13:54:35] [INFO] Formulaire de contact soumis par Jean Rhoule (Jean.rhoule@mail.net).
[2025-11-06 13:54:51] [INFO] Page d'accueil demandée.
[2025-11-06 13:55:14] [INFO] Page d'accueil demandée.
[2025-11-06 13:55:30] [INFO] Page d'accueil demandée.
[2025-11-06 14:26:46] [INFO] Page d'accueil demandée.
[2025-11-06 14:26:55] [INFO] Page d'accueil demandée.
[2025-11-06 14:27:47] [INFO] Page d'accueil demandée.
[2025-11-06 14:27:49] [INFO] Page d'accueil demandée.
[2025-11-06 14:28:02] [INFO] Page d'accueil demandée.
[2025-11-06 14:28:05] [INFO] Page d'accueil demandée.
[2025-11-06 14:32:31] [INFO] Page d'accueil demandée.
[2025-11-06 14:37:05] [INFO] Page d'accueil demandée.
[2025-11-06 14:37:23] [INFO] Page d'accueil demandée.
[2025-11-06 14:39:03] [INFO] Page d'accueil demandée.
[2025-11-06 14:39:41] [INFO] Page d'accueil demandée.
[2025-11-06 14:44:01] [INFO] Page d'accueil demandée.
[2025-11-06 14:44:17] [INFO] Page d'accueil demandée.
[2025-11-06 16:21:00] [INFO] Page d'accueil demandée.
[2025-11-12 12:29:10] [ERROR] Échec de la connexion BDD | Exception: SQLSTATE[HY000] [1049] Unknown database '3ablog_db' in C:\xampp\htdocs\3A2526-Blog\app\Core\Database.php:19
[2025-11-12 12:30:41] [ERROR] Échec de la connexion BDD | Exception: SQLSTATE[HY000] [1049] Unknown database '3ablog_db' in C:\xampp\htdocs\3A2526-Blog\app\Core\Database.php:19
[2025-11-12 12:30:43] [ERROR] Échec de la connexion BDD | Exception: SQLSTATE[HY000] [1049] Unknown database '3ablog_db' in C:\xampp\htdocs\3A2526-Blog\app\Core\Database.php:19
[2025-11-12 12:30:54] [ERROR] Échec de la connexion BDD | Exception: SQLSTATE[HY000] [1049] Unknown database '3ablog_db' in C:\xampp\htdocs\3A2526-Blog\app\Core\Database.php:19
[2025-11-12 12:33:39] [INFO] Page d'accueil demandée.
[2025-11-12 12:34:03] [INFO] Page d'accueil demandée.
[2025-11-12 12:34:22] [INFO] Page d'accueil demandée.
[2025-11-12 12:35:15] [INFO] Page d'accueil demandée.
[2025-11-12 12:35:23] [INFO] Page d'accueil demandée.
[2025-11-12 12:35:29] [INFO] Page d'accueil demandée.
[2025-11-12 12:35:57] [INFO] Page d'accueil demandée.
[2025-11-12 12:47:59] [INFO] Page d'accueil demandée.
[2025-11-12 12:49:05] [INFO] Page d'accueil demandée.
[2025-11-12 12:54:56] [INFO] Page d'accueil demandée.
[2025-11-12 12:55:05] [INFO] Page d'accueil demandée.
[2025-11-12 12:58:00] [INFO] Page d'accueil demandée.
[2025-11-12 12:58:10] [INFO] Page d'accueil demandée.
[2025-11-19 10:10:13] [INFO] Page d'accueil demandée.
[2025-11-19 10:10:54] [INFO] Page d'accueil demandée.
[2025-11-19 10:18:05] [INFO] Page d'accueil demandée.
[2025-11-19 10:22:59] [INFO] Page d'accueil demandée.
[2025-11-19 10:23:12] [INFO] Page d'accueil demandée.
[2025-11-19 10:47:34] [INFO] Page d'accueil demandée.
[2025-11-19 10:47:46] [INFO] Page d'accueil demandée.
[2025-11-19 10:47:50] [INFO] Page d'accueil demandée.
[2025-11-19 10:48:20] [INFO] Page d'accueil demandée.
[2025-11-19 10:51:22] [INFO] Page d'accueil demandée.
[2025-11-19 10:51:41] [INFO] Page d'accueil demandée.
[2025-11-19 10:58:46] [INFO] Page d'accueil demandée.
[2025-11-19 10:58:46] [ERROR] Erreur lors de la récupération de tous les posts | Exception: SQLSTATE[42S02]: Base table or view not found: 1146 Table 'blog_db.posts' doesn't exist in C:\xampp\htdocs\3A2526-blog\app\Models\PostModel.php:14
[2025-11-19 10:58:55] [INFO] Page d'accueil demandée.
[2025-11-19 10:58:55] [ERROR] Erreur lors de la récupération de tous les posts | Exception: SQLSTATE[42S02]: Base table or view not found: 1146 Table 'blog_db.posts' doesn't exist in C:\xampp\htdocs\3A2526-blog\app\Models\PostModel.php:14
[2025-11-19 10:59:17] [INFO] Page d'accueil demandée.
[2025-11-19 10:59:17] [ERROR] Erreur lors de la récupération de tous les posts | Exception: SQLSTATE[42S02]: Base table or view not found: 1146 Table 'blog_db.posts' doesn't exist in C:\xampp\htdocs\3A2526-blog\app\Models\PostModel.php:14
[2025-11-19 11:01:21] [INFO] Page d'accueil demandée.
[2025-11-19 11:01:21] [ERROR] Erreur lors de la récupération de tous les posts | Exception: SQLSTATE[42S02]: Base table or view not found: 1146 Table 'blog_db.posts' doesn't exist in C:\xampp\htdocs\3A2526-blog\app\Models\PostModel.php:14
[2025-11-19 11:01:41] [INFO] Page d'accueil demandée.
[2025-11-19 11:01:41] [ERROR] Erreur lors de la récupération de tous les posts | Exception: SQLSTATE[42S02]: Base table or view not found: 1146 Table 'blog_db.posts' doesn't exist in C:\xampp\htdocs\3A2526-blog\app\Models\PostModel.php:14
[2025-11-19 11:02:39] [INFO] Page d'accueil demandée.
[2025-11-19 11:02:39] [ERROR] Erreur lors de la récupération de tous les posts | Exception: SQLSTATE[42S02]: Base table or view not found: 1146 Table 'blog_db.posts' doesn't exist in C:\xampp\htdocs\3A2526-blog\app\Models\PostModel.php:14
[2025-11-19 11:04:37] [INFO] Page d'accueil demandée.
[2025-11-19 11:04:37] [ERROR] Erreur lors de la récupération de tous les posts | Exception: SQLSTATE[42S02]: Base table or view not found: 1146 Table 'blog_db.posts' doesn't exist in C:\xampp\htdocs\3A2526-blog\app\Models\PostModel.php:14
[2025-11-19 11:04:46] [INFO] Page d'accueil demandée.
[2025-11-19 11:04:46] [ERROR] Erreur lors de la récupération de tous les posts | Exception: SQLSTATE[42S02]: Base table or view not found: 1146 Table 'blog_db.posts' doesn't exist in C:\xampp\htdocs\3A2526-blog\app\Models\PostModel.php:14
[2025-11-19 11:04:50] [INFO] Déconnexion: 
[2025-11-19 11:04:50] [INFO] Page d'accueil demandée.
[2025-11-19 11:04:50] [ERROR] Erreur lors de la récupération de tous les posts | Exception: SQLSTATE[42S02]: Base table or view not found: 1146 Table 'blog_db.posts' doesn't exist in C:\xampp\htdocs\3A2526-blog\app\Models\PostModel.php:14
[2025-11-19 11:06:16] [WARNING] Tentative de connexion échouée: admin@vtt.com
[2025-11-19 11:06:52] [WARNING] Tentative de connexion échouée: admin@vtt.com
[2025-11-19 11:35:25] [INFO] Connexion réussie: admin@vtt.com
[2025-11-19 11:35:25] [ERROR] Erreur récupération articles récents | Exception: SQLSTATE[42000]: Syntax error or access violation: 1064 You have an error in your SQL syntax; check the manual that corresponds to your MariaDB server version for the right syntax to use near ''5'' at line 3 in C:\xampp\htdocs\3A2526-blog\app\Models\PostModel.php:61
[2025-11-19 11:35:25] [ERROR] Erreur récupération commentaires récents | Exception: SQLSTATE[42000]: Syntax error or access violation: 1064 You have an error in your SQL syntax; check the manual that corresponds to your MariaDB server version for the right syntax to use near ''5'' at line 5 in C:\xampp\htdocs\3A2526-blog\app\Models\CommentModel.php:47
[2025-11-19 11:35:25] [ERROR] Erreur de rendu Twig | Exception: Unable to find template "admin/dashboard.twig" (looked into: C:\xampp\htdocs\3A2526-blog\app/Views). in C:\xampp\htdocs\3A2526-blog\vendor\twig\twig\src\Loader\FilesystemLoader.php:234
[2025-11-19 11:35:34] [INFO] Connexion réussie: admin@vtt.com
[2025-11-19 11:35:34] [ERROR] Erreur récupération articles récents | Exception: SQLSTATE[42000]: Syntax error or access violation: 1064 You have an error in your SQL syntax; check the manual that corresponds to your MariaDB server version for the right syntax to use near ''5'' at line 3 in C:\xampp\htdocs\3A2526-blog\app\Models\PostModel.php:61
[2025-11-19 11:35:34] [ERROR] Erreur récupération commentaires récents | Exception: SQLSTATE[42000]: Syntax error or access violation: 1064 You have an error in your SQL syntax; check the manual that corresponds to your MariaDB server version for the right syntax to use near ''5'' at line 5 in C:\xampp\htdocs\3A2526-blog\app\Models\CommentModel.php:47
[2025-11-19 11:35:34] [ERROR] Erreur de rendu Twig | Exception: Unable to find template "admin/dashboard.twig" (looked into: C:\xampp\htdocs\3A2526-blog\app/Views). in C:\xampp\htdocs\3A2526-blog\vendor\twig\twig\src\Loader\FilesystemLoader.php:234
[2025-11-19 11:35:49] [INFO] Connexion réussie: editeur@vtt.com
[2025-11-19 11:35:49] [ERROR] Erreur récupération articles récents | Exception: SQLSTATE[42000]: Syntax error or access violation: 1064 You have an error in your SQL syntax; check the manual that corresponds to your MariaDB server version for the right syntax to use near ''5'' at line 3 in C:\xampp\htdocs\3A2526-blog\app\Models\PostModel.php:61
[2025-11-19 11:35:49] [ERROR] Erreur récupération commentaires récents | Exception: SQLSTATE[42000]: Syntax error or access violation: 1064 You have an error in your SQL syntax; check the manual that corresponds to your MariaDB server version for the right syntax to use near ''5'' at line 5 in C:\xampp\htdocs\3A2526-blog\app\Models\CommentModel.php:47
[2025-11-19 11:35:49] [ERROR] Erreur de rendu Twig | Exception: Unable to find template "admin/dashboard.twig" (looked into: C:\xampp\htdocs\3A2526-blog\app/Views). in C:\xampp\htdocs\3A2526-blog\vendor\twig\twig\src\Loader\FilesystemLoader.php:234
[2025-11-19 11:36:03] [INFO] Connexion réussie: contributeur@vtt.com
[2025-11-19 11:36:04] [INFO] Page d'accueil demandée.
[2025-11-19 11:36:04] [ERROR] Erreur lors de la récupération de tous les posts | Exception: SQLSTATE[42S02]: Base table or view not found: 1146 Table 'blog_db.posts' doesn't exist in C:\xampp\htdocs\3A2526-blog\app\Models\PostModel.php:14
[2025-11-19 11:36:37] [INFO] Déconnexion: contributeur@vtt.com
[2025-11-19 11:36:37] [INFO] Page d'accueil demandée.
[2025-11-19 11:36:37] [ERROR] Erreur lors de la récupération de tous les posts | Exception: SQLSTATE[42S02]: Base table or view not found: 1146 Table 'blog_db.posts' doesn't exist in C:\xampp\htdocs\3A2526-blog\app\Models\PostModel.php:14
[2025-11-19 11:37:51] [INFO] Connexion réussie: admin@vtt.com
[2025-11-19 11:37:51] [ERROR] Erreur récupération articles récents | Exception: SQLSTATE[42000]: Syntax error or access violation: 1064 You have an error in your SQL syntax; check the manual that corresponds to your MariaDB server version for the right syntax to use near ''5'' at line 3 in C:\xampp\htdocs\3A2526-blog\app\Models\PostModel.php:61
[2025-11-19 11:37:51] [ERROR] Erreur récupération commentaires récents | Exception: SQLSTATE[42000]: Syntax error or access violation: 1064 You have an error in your SQL syntax; check the manual that corresponds to your MariaDB server version for the right syntax to use near ''5'' at line 5 in C:\xampp\htdocs\3A2526-blog\app\Models\CommentModel.php:47
[2025-11-19 11:37:51] [ERROR] Erreur de rendu Twig | Exception: Unable to find template "admin/dashboard.twig" (looked into: C:\xampp\htdocs\3A2526-blog\app/Views). in C:\xampp\htdocs\3A2526-blog\vendor\twig\twig\src\Loader\FilesystemLoader.php:234
[2025-11-19 11:42:05] [ERROR] Erreur récupération articles récents | Exception: SQLSTATE[42000]: Syntax error or access violation: 1064 You have an error in your SQL syntax; check the manual that corresponds to your MariaDB server version for the right syntax to use near ''5'' at line 3 in C:\xampp\htdocs\3A2526-blog\app\Models\PostModel.php:61
[2025-11-19 11:42:05] [ERROR] Erreur récupération commentaires récents | Exception: SQLSTATE[42000]: Syntax error or access violation: 1064 You have an error in your SQL syntax; check the manual that corresponds to your MariaDB server version for the right syntax to use near ''5'' at line 5 in C:\xampp\htdocs\3A2526-blog\app\Models\CommentModel.php:47
[2025-11-19 11:42:05] [ERROR] Erreur de rendu Twig | Exception: Unable to find template "admin/dashboard.twig" (looked into: C:\xampp\htdocs\3A2526-blog\app/Views). in C:\xampp\htdocs\3A2526-blog\vendor\twig\twig\src\Loader\FilesystemLoader.php:234
[2025-11-19 11:42:06] [INFO] Page d'accueil demandée.
[2025-11-19 11:42:06] [ERROR] Erreur lors de la récupération de tous les posts | Exception: SQLSTATE[42S02]: Base table or view not found: 1146 Table 'blog_db.posts' doesn't exist in C:\xampp\htdocs\3A2526-blog\app\Models\PostModel.php:14
[2025-11-19 11:42:10] [INFO] Déconnexion: admin@vtt.com
[2025-11-19 11:42:10] [INFO] Page d'accueil demandée.
[2025-11-19 11:42:10] [ERROR] Erreur lors de la récupération de tous les posts | Exception: SQLSTATE[42S02]: Base table or view not found: 1146 Table 'blog_db.posts' doesn't exist in C:\xampp\htdocs\3A2526-blog\app\Models\PostModel.php:14
[2025-11-19 11:42:26] [INFO] Connexion réussie: admin@vtt.com
[2025-11-19 11:42:26] [ERROR] Erreur récupération articles récents | Exception: SQLSTATE[42000]: Syntax error or access violation: 1064 You have an error in your SQL syntax; check the manual that corresponds to your MariaDB server version for the right syntax to use near ''5'' at line 3 in C:\xampp\htdocs\3A2526-blog\app\Models\PostModel.php:61
[2025-11-19 11:42:26] [ERROR] Erreur récupération commentaires récents | Exception: SQLSTATE[42000]: Syntax error or access violation: 1064 You have an error in your SQL syntax; check the manual that corresponds to your MariaDB server version for the right syntax to use near ''5'' at line 5 in C:\xampp\htdocs\3A2526-blog\app\Models\CommentModel.php:47
[2025-11-19 11:42:26] [ERROR] Erreur de rendu Twig | Exception: Unable to find template "admin/dashboard.twig" (looked into: C:\xampp\htdocs\3A2526-blog\app/Views). in C:\xampp\htdocs\3A2526-blog\vendor\twig\twig\src\Loader\FilesystemLoader.php:234
[2025-11-19 11:42:37] [INFO] Connexion réussie: editeur@vtt.com
[2025-11-19 11:42:37] [ERROR] Erreur récupération articles récents | Exception: SQLSTATE[42000]: Syntax error or access violation: 1064 You have an error in your SQL syntax; check the manual that corresponds to your MariaDB server version for the right syntax to use near ''5'' at line 3 in C:\xampp\htdocs\3A2526-blog\app\Models\PostModel.php:61
[2025-11-19 11:42:37] [ERROR] Erreur récupération commentaires récents | Exception: SQLSTATE[42000]: Syntax error or access violation: 1064 You have an error in your SQL syntax; check the manual that corresponds to your MariaDB server version for the right syntax to use near ''5'' at line 5 in C:\xampp\htdocs\3A2526-blog\app\Models\CommentModel.php:47
[2025-11-19 11:42:37] [ERROR] Erreur de rendu Twig | Exception: Unable to find template "admin/dashboard.twig" (looked into: C:\xampp\htdocs\3A2526-blog\app/Views). in C:\xampp\htdocs\3A2526-blog\vendor\twig\twig\src\Loader\FilesystemLoader.php:234
[2025-11-19 11:42:51] [INFO] Connexion réussie: contributeur@vtt.com
[2025-11-19 11:42:51] [ERROR] Erreur récupération articles récents | Exception: SQLSTATE[42000]: Syntax error or access violation: 1064 You have an error in your SQL syntax; check the manual that corresponds to your MariaDB server version for the right syntax to use near ''5'' at line 3 in C:\xampp\htdocs\3A2526-blog\app\Models\PostModel.php:61
[2025-11-19 11:42:51] [ERROR] Erreur récupération commentaires récents | Exception: SQLSTATE[42000]: Syntax error or access violation: 1064 You have an error in your SQL syntax; check the manual that corresponds to your MariaDB server version for the right syntax to use near ''5'' at line 5 in C:\xampp\htdocs\3A2526-blog\app\Models\CommentModel.php:47
[2025-11-19 11:42:51] [ERROR] Erreur de rendu Twig | Exception: Unable to find template "admin/dashboard.twig" (looked into: C:\xampp\htdocs\3A2526-blog\app/Views). in C:\xampp\htdocs\3A2526-blog\vendor\twig\twig\src\Loader\FilesystemLoader.php:234
[2025-11-19 11:43:11] [INFO] Connexion réussie: contributeur@vtt.com
[2025-11-19 11:43:11] [ERROR] Erreur récupération articles récents | Exception: SQLSTATE[42000]: Syntax error or access violation: 1064 You have an error in your SQL syntax; check the manual that corresponds to your MariaDB server version for the right syntax to use near ''5'' at line 3 in C:\xampp\htdocs\3A2526-blog\app\Models\PostModel.php:61
[2025-11-19 11:43:11] [ERROR] Erreur récupération commentaires récents | Exception: SQLSTATE[42000]: Syntax error or access violation: 1064 You have an error in your SQL syntax; check the manual that corresponds to your MariaDB server version for the right syntax to use near ''5'' at line 5 in C:\xampp\htdocs\3A2526-blog\app\Models\CommentModel.php:47
[2025-11-19 11:43:11] [ERROR] Erreur de rendu Twig | Exception: Unable to find template "admin/dashboard.twig" (looked into: C:\xampp\htdocs\3A2526-blog\app/Views). in C:\xampp\htdocs\3A2526-blog\vendor\twig\twig\src\Loader\FilesystemLoader.php:234
[2025-11-19 11:46:53] [INFO] Page d'accueil demandée.
[2025-11-19 11:46:53] [ERROR] Erreur lors de la récupération de tous les posts | Exception: SQLSTATE[42S02]: Base table or view not found: 1146 Table 'blog_db.posts' doesn't exist in C:\xampp\htdocs\3A2526-blog\app\Models\PostModel.php:14
[2025-11-19 11:47:02] [INFO] Déconnexion: contributeur@vtt.com
[2025-11-19 11:47:02] [INFO] Page d'accueil demandée.
[2025-11-19 11:47:02] [ERROR] Erreur lors de la récupération de tous les posts | Exception: SQLSTATE[42S02]: Base table or view not found: 1146 Table 'blog_db.posts' doesn't exist in C:\xampp\htdocs\3A2526-blog\app\Models\PostModel.php:14
[2025-11-19 11:47:18] [INFO] Connexion réussie: admin@vtt.com
[2025-11-19 11:47:18] [ERROR] Erreur de rendu Twig | Exception: Unable to find template "admin/dashboard.twig" (looked into: C:\xampp\htdocs\3A2526-blog\app/Views). in C:\xampp\htdocs\3A2526-blog\vendor\twig\twig\src\Loader\FilesystemLoader.php:234
[2025-11-19 11:47:28] [INFO] Connexion réussie: editeur@vtt.com
[2025-11-19 11:47:28] [ERROR] Erreur de rendu Twig | Exception: Unable to find template "admin/dashboard.twig" (looked into: C:\xampp\htdocs\3A2526-blog\app/Views). in C:\xampp\htdocs\3A2526-blog\vendor\twig\twig\src\Loader\FilesystemLoader.php:234
[2025-11-19 11:47:36] [INFO] Connexion réussie: contributeur@vtt.com
[2025-11-19 11:47:36] [INFO] Page d'accueil demandée.
[2025-11-19 11:47:36] [ERROR] Erreur lors de la récupération de tous les posts | Exception: SQLSTATE[42S02]: Base table or view not found: 1146 Table 'blog_db.posts' doesn't exist in C:\xampp\htdocs\3A2526-blog\app\Models\PostModel.php:14
[2025-11-19 11:47:48] [INFO] Déconnexion: contributeur@vtt.com
[2025-11-19 11:47:48] [INFO] Page d'accueil demandée.
[2025-11-19 11:47:48] [ERROR] Erreur lors de la récupération de tous les posts | Exception: SQLSTATE[42S02]: Base table or view not found: 1146 Table 'blog_db.posts' doesn't exist in C:\xampp\htdocs\3A2526-blog\app\Models\PostModel.php:14
[2025-11-19 11:52:59] [INFO] Connexion réussie: admin@vtt.com
[2025-11-19 11:52:59] [ERROR] Erreur de rendu Twig | Exception: Unable to find template "admin/dashboard.twig" (looked into: C:\xampp\htdocs\3A2526-blog\app/Views). in C:\xampp\htdocs\3A2526-blog\vendor\twig\twig\src\Loader\FilesystemLoader.php:234
[2025-11-19 11:55:30] [INFO] Connexion réussie: admin@vtt.com
[2025-11-19 11:55:39] [INFO] Déconnexion: admin@vtt.com
[2025-11-19 11:55:39] [INFO] Page d'accueil demandée.
[2025-11-19 11:55:39] [ERROR] Erreur lors de la récupération de tous les posts | Exception: SQLSTATE[42S02]: Base table or view not found: 1146 Table 'blog_db.posts' doesn't exist in C:\xampp\htdocs\3A2526-blog\app\Models\PostModel.php:14
[2025-11-19 11:55:51] [INFO] Connexion réussie: admin@vtt.com
[2025-11-19 11:56:15] [WARNING] Page 404 : admin/posts
[2025-11-19 11:56:17] [INFO] Page d'accueil demandée.
[2025-11-19 11:56:17] [ERROR] Erreur lors de la récupération de tous les posts | Exception: SQLSTATE[42S02]: Base table or view not found: 1146 Table 'blog_db.posts' doesn't exist in C:\xampp\htdocs\3A2526-blog\app\Models\PostModel.php:14
[2025-11-19 11:56:24] [WARNING] Page 404 : admin/comments
[2025-11-19 11:56:26] [INFO] Page d'accueil demandée.
[2025-11-19 11:56:26] [ERROR] Erreur lors de la récupération de tous les posts | Exception: SQLSTATE[42S02]: Base table or view not found: 1146 Table 'blog_db.posts' doesn't exist in C:\xampp\htdocs\3A2526-blog\app\Models\PostModel.php:14
[2025-11-19 11:56:32] [WARNING] Page 404 : admin/users
[2025-11-19 11:56:34] [INFO] Page d'accueil demandée.
[2025-11-19 11:56:34] [ERROR] Erreur lors de la récupération de tous les posts | Exception: SQLSTATE[42S02]: Base table or view not found: 1146 Table 'blog_db.posts' doesn't exist in C:\xampp\htdocs\3A2526-blog\app\Models\PostModel.php:14
[2025-11-19 11:56:36] [INFO] Déconnexion: admin@vtt.com
[2025-11-19 11:56:36] [INFO] Page d'accueil demandée.
[2025-11-19 11:56:36] [ERROR] Erreur lors de la récupération de tous les posts | Exception: SQLSTATE[42S02]: Base table or view not found: 1146 Table 'blog_db.posts' doesn't exist in C:\xampp\htdocs\3A2526-blog\app\Models\PostModel.php:14
[2025-11-19 11:56:47] [INFO] Connexion réussie: contributeur@vtt.com
[2025-11-19 11:56:47] [INFO] Page d'accueil demandée.
[2025-11-19 11:56:47] [ERROR] Erreur lors de la récupération de tous les posts | Exception: SQLSTATE[42S02]: Base table or view not found: 1146 Table 'blog_db.posts' doesn't exist in C:\xampp\htdocs\3A2526-blog\app\Models\PostModel.php:14
[2025-11-19 11:56:52] [INFO] Déconnexion: contributeur@vtt.com
[2025-11-19 11:56:52] [INFO] Page d'accueil demandée.
[2025-11-19 11:56:52] [ERROR] Erreur lors de la récupération de tous les posts | Exception: SQLSTATE[42S02]: Base table or view not found: 1146 Table 'blog_db.posts' doesn't exist in C:\xampp\htdocs\3A2526-blog\app\Models\PostModel.php:14
[2025-11-19 11:57:17] [INFO] Connexion réussie: editeur@vtt.com
[2025-11-19 11:57:24] [WARNING] Page 404 : admin/posts
[2025-11-19 11:57:29] [INFO] Page d'accueil demandée.
[2025-11-19 11:57:29] [ERROR] Erreur lors de la récupération de tous les posts | Exception: SQLSTATE[42S02]: Base table or view not found: 1146 Table 'blog_db.posts' doesn't exist in C:\xampp\htdocs\3A2526-blog\app\Models\PostModel.php:14
[2025-11-19 12:42:28] [INFO] Déconnexion: editeur@vtt.com
[2025-11-19 12:42:28] [INFO] Page d'accueil demandée.
[2025-11-19 12:42:28] [ERROR] Erreur lors de la récupération de tous les posts | Exception: SQLSTATE[42S02]: Base table or view not found: 1146 Table 'blog_db.posts' doesn't exist in C:\xampp\htdocs\3A2526-blog\app\Models\PostModel.php:14
[2025-11-19 12:42:42] [INFO] Connexion réussie: admin@vtt.com
[2025-11-19 12:44:32] [INFO] Page d'accueil demandée.
[2025-11-19 12:44:32] [ERROR] Erreur lors de la récupération de tous les posts | Exception: SQLSTATE[42S02]: Base table or view not found: 1146 Table 'blog_db.posts' doesn't exist in C:\xampp\htdocs\3A2526-blog\app\Models\PostModel.php:14
[2025-11-19 12:51:59] [INFO] Page d'accueil demandée.
[2025-11-19 12:51:59] [ERROR] Erreur lors de la récupération de tous les posts | Exception: SQLSTATE[42S02]: Base table or view not found: 1146 Table 'blog_db.posts' doesn't exist in C:\xampp\htdocs\3A2526-blog\app\Models\PostModel.php:14
[2025-11-19 12:52:11] [WARNING] Page 404 : admin/articles
[2025-11-19 12:53:16] [WARNING] Page 404 : admin/articles
[2025-11-19 12:53:18] [INFO] Page d'accueil demandée.
[2025-11-19 12:53:18] [ERROR] Erreur lors de la récupération de tous les posts | Exception: SQLSTATE[42S02]: Base table or view not found: 1146 Table 'blog_db.posts' doesn't exist in C:\xampp\htdocs\3A2526-blog\app\Models\PostModel.php:14
[2025-11-19 12:53:40] [WARNING] Page 404 : admin/articles
[2025-11-19 12:54:11] [INFO] Page d'accueil demandée.
[2025-11-19 12:54:11] [ERROR] Erreur lors de la récupération de tous les posts | Exception: SQLSTATE[42S02]: Base table or view not found: 1146 Table 'blog_db.posts' doesn't exist in C:\xampp\htdocs\3A2526-blog\app\Models\PostModel.php:14
[2025-11-19 12:54:21] [INFO] Déconnexion: admin@vtt.com
[2025-11-19 12:54:21] [INFO] Page d'accueil demandée.
[2025-11-19 12:54:21] [ERROR] Erreur lors de la récupération de tous les posts | Exception: SQLSTATE[42S02]: Base table or view not found: 1146 Table 'blog_db.posts' doesn't exist in C:\xampp\htdocs\3A2526-blog\app\Models\PostModel.php:14
[2025-11-19 12:54:33] [INFO] Connexion réussie: admin@vtt.com
[2025-11-19 12:56:39] [INFO] Déconnexion: admin@vtt.com
[2025-11-19 12:56:39] [INFO] Page d'accueil demandée.
[2025-11-19 12:56:39] [ERROR] Erreur lors de la récupération de tous les posts | Exception: SQLSTATE[42S02]: Base table or view not found: 1146 Table 'blog_db.posts' doesn't exist in C:\xampp\htdocs\3A2526-blog\app\Models\PostModel.php:14
[2025-11-19 12:56:49] [INFO] Connexion réussie: admin@vtt.com
[2025-11-19 12:56:56] [INFO] Déconnexion: admin@vtt.com
[2025-11-19 12:56:56] [INFO] Page d'accueil demandée.
[2025-11-19 12:56:56] [ERROR] Erreur lors de la récupération de tous les posts | Exception: SQLSTATE[42S02]: Base table or view not found: 1146 Table 'blog_db.posts' doesn't exist in C:\xampp\htdocs\3A2526-blog\app\Models\PostModel.php:14
[2025-11-19 19:41:41] [WARNING] Page 404 : admin/articles
[2025-11-19 19:41:57] [INFO] Connexion réussie: admin@vtt.com
[2025-11-19 19:42:01] [WARNING] Page 404 : admin/articles
[2025-11-19 19:42:04] [WARNING] Page 404 : admin/comments
[2025-11-19 19:42:07] [WARNING] Page 404 : admin/users
[2025-11-19 19:44:16] [WARNING] Page 404 : admin/articles
[2025-11-19 19:46:21] [INFO] Page d'accueil demandée.
[2025-11-19 19:46:21] [ERROR] Erreur lors de la récupération de tous les posts | Exception: SQLSTATE[42S02]: Base table or view not found: 1146 Table 'blog_db.posts' doesn't exist in C:\xampp\htdocs\3A2526-blog\app\Models\PostModel.php:14
[2025-11-19 19:46:44] [INFO] Page d'accueil demandée.
[2025-11-19 19:46:44] [ERROR] Erreur lors de la récupération de tous les posts | Exception: SQLSTATE[42S02]: Base table or view not found: 1146 Table 'blog_db.posts' doesn't exist in C:\xampp\htdocs\3A2526-blog\app\Models\PostModel.php:14
[2025-11-19 19:47:55] [WARNING] Page 404 : admin/articles
[2025-11-19 19:48:13] [WARNING] Page 404 : admin/create
[2025-11-19 19:49:45] [INFO] Déconnexion: admin@vtt.com
[2025-11-19 19:49:45] [INFO] Page d'accueil demandée.
[2025-11-19 19:49:45] [ERROR] Erreur lors de la récupération de tous les posts | Exception: SQLSTATE[42S02]: Base table or view not found: 1146 Table 'blog_db.posts' doesn't exist in C:\xampp\htdocs\3A2526-blog\app\Models\PostModel.php:14
[2025-11-19 19:49:57] [INFO] Connexion réussie: admin@vtt.com
[2025-11-19 19:50:00] [WARNING] Page 404 : admin/articles
[2025-11-19 19:50:05] [INFO] Page d'accueil demandée.
[2025-11-19 19:50:05] [ERROR] Erreur lors de la récupération de tous les posts | Exception: SQLSTATE[42S02]: Base table or view not found: 1146 Table 'blog_db.posts' doesn't exist in C:\xampp\htdocs\3A2526-blog\app\Models\PostModel.php:14
[2025-11-19 19:50:23] [WARNING] Page 404 : admin/comments
[2025-11-19 19:50:25] [INFO] Page d'accueil demandée.
[2025-11-19 19:50:25] [ERROR] Erreur lors de la récupération de tous les posts | Exception: SQLSTATE[42S02]: Base table or view not found: 1146 Table 'blog_db.posts' doesn't exist in C:\xampp\htdocs\3A2526-blog\app\Models\PostModel.php:14
[2025-11-19 19:52:34] [INFO] Page d'accueil demandée.
[2025-11-19 19:52:41] [INFO] Page d'accueil demandée.
[2025-11-19 19:52:43] [INFO] Page d'accueil demandée.
[2025-11-19 19:52:48] [WARNING] Page 404 : admin/articles
[2025-11-19 19:52:54] [WARNING] Page 404 : admin/users
[2025-11-19 19:52:59] [INFO] Page d'accueil demandée.
[2025-11-19 19:57:08] [WARNING] Page 404 : admin/articles
[2025-11-19 19:57:11] [INFO] Page d'accueil demandée.
[2025-11-19 19:57:15] [INFO] Page d'accueil demandée.
[2025-11-19 19:57:22] [INFO] Page d'accueil demandée.
[2025-11-19 19:57:41] [INFO] Page d'accueil demandée.
[2025-11-19 19:57:45] [WARNING] Page 404 : admin/articles
[2025-11-19 19:57:47] [INFO] Page d'accueil demandée.
[2025-11-19 21:24:27] [INFO] Page d'accueil demandée.
[2025-11-19 21:26:06] [INFO] Page d'accueil demandée.
